<?xml version="1.0" encoding="UTF-8"?>
<testsuite name="di.ContainerServiceTest" tests="2" skipped="0" failures="0" errors="0" timestamp="2022-10-21T04:28:47" hostname="gimseol-yeong-ui-MacBookPro.local" time="0.08">
  <properties/>
  <testcase name="getObject_BookRepository()" classname="di.ContainerServiceTest" time="0.07"/>
  <testcase name="getObject_BookService()" classname="di.ContainerServiceTest" time="0.008"/>
  <system-out><![CDATA[]]></system-out>
  <system-err><![CDATA[]]></system-err>
</testsuite>
